<?xml version="1.0" encoding="UTF-8"?>
<robot generator="Robot 3.1.2 (Python 3.6.5 on win32)" generated="20190814 21:37:03.196" rpa="false">
<suite id="s1" name="Login Tests" source="C:\Users\Gamma Test\PycharmProjects\WebDemo\login_tests">
<suite id="s1-s1" name="Gherkin Login" source="C:\Users\Gamma Test\PycharmProjects\WebDemo\login_tests\gherkin_login.robot">
<test id="s1-s1-t1" name="Valid Login">
<kw name="Given browser is opened to login page">
<kw name="Open Browser To Login Page" library="resource">
<kw name="Open Browser" library="SeleniumLibrary">
<doc>Opens a new browser instance to the given ``url``.</doc>
<arguments>
<arg>${LOGIN URL}</arg>
<arg>${BROWSER}</arg>
</arguments>
<msg timestamp="20190814 21:37:03.445" level="INFO">Opening browser 'Firefox' to base url 'http://localhost:7272/'.</msg>
<kw name="Capture Page Screenshot" library="SeleniumLibrary">
<doc>Takes screenshot of the current page and embeds it into log file.</doc>
<msg timestamp="20190814 21:37:03.453" level="INFO">Cannot capture screenshot because no browser is open.</msg>
<status status="PASS" starttime="20190814 21:37:03.453" endtime="20190814 21:37:03.453"></status>
</kw>
<msg timestamp="20190814 21:37:03.457" level="FAIL">WebDriverException: Message: 'geckodriver' executable needs to be in PATH. 
</msg>
<status status="FAIL" starttime="20190814 21:37:03.445" endtime="20190814 21:37:03.457"></status>
</kw>
<status status="FAIL" starttime="20190814 21:37:03.444" endtime="20190814 21:37:03.457"></status>
</kw>
<status status="FAIL" starttime="20190814 21:37:03.444" endtime="20190814 21:37:03.457"></status>
</kw>
<kw name="Close Browser" library="SeleniumLibrary" type="teardown">
<doc>Closes the current browser.</doc>
<status status="PASS" starttime="20190814 21:37:03.458" endtime="20190814 21:37:03.458"></status>
</kw>
<status status="FAIL" starttime="20190814 21:37:03.443" endtime="20190814 21:37:03.458" critical="yes">WebDriverException: Message: 'geckodriver' executable needs to be in PATH. 
</status>
</test>
<doc>A test suite with a single Gherkin style test.

This test is functionally identical to the example in
valid_login.robot file.</doc>
<status status="FAIL" starttime="20190814 21:37:03.238" endtime="20190814 21:37:03.461"></status>
</suite>
<suite id="s1-s2" name="Invalid Login" source="C:\Users\Gamma Test\PycharmProjects\WebDemo\login_tests\invalid_login.robot">
<kw name="Open Browser To Login Page" library="resource" type="setup">
<kw name="Open Browser" library="SeleniumLibrary">
<doc>Opens a new browser instance to the given ``url``.</doc>
<arguments>
<arg>${LOGIN URL}</arg>
<arg>${BROWSER}</arg>
</arguments>
<msg timestamp="20190814 21:37:03.473" level="INFO">Opening browser 'Firefox' to base url 'http://localhost:7272/'.</msg>
<kw name="Capture Page Screenshot" library="SeleniumLibrary">
<doc>Takes screenshot of the current page and embeds it into log file.</doc>
<msg timestamp="20190814 21:37:03.479" level="INFO">Cannot capture screenshot because no browser is open.</msg>
<status status="PASS" starttime="20190814 21:37:03.478" endtime="20190814 21:37:03.479"></status>
</kw>
<msg timestamp="20190814 21:37:03.481" level="FAIL">WebDriverException: Message: 'geckodriver' executable needs to be in PATH. 
</msg>
<status status="FAIL" starttime="20190814 21:37:03.473" endtime="20190814 21:37:03.481"></status>
</kw>
<status status="FAIL" starttime="20190814 21:37:03.472" endtime="20190814 21:37:03.481"></status>
</kw>
<test id="s1-s2-t1" name="Invalid Username">
<status status="FAIL" starttime="20190814 21:37:03.481" endtime="20190814 21:37:03.482" critical="yes">Parent suite setup failed:
WebDriverException: Message: 'geckodriver' executable needs to be in PATH. 
</status>
</test>
<test id="s1-s2-t2" name="Invalid Password">
<status status="FAIL" starttime="20190814 21:37:03.485" endtime="20190814 21:37:03.486" critical="yes">Parent suite setup failed:
WebDriverException: Message: 'geckodriver' executable needs to be in PATH. 
</status>
</test>
<test id="s1-s2-t3" name="Invalid Username And Password">
<status status="FAIL" starttime="20190814 21:37:03.488" endtime="20190814 21:37:03.489" critical="yes">Parent suite setup failed:
WebDriverException: Message: 'geckodriver' executable needs to be in PATH. 
</status>
</test>
<test id="s1-s2-t4" name="Empty Username">
<status status="FAIL" starttime="20190814 21:37:03.491" endtime="20190814 21:37:03.491" critical="yes">Parent suite setup failed:
WebDriverException: Message: 'geckodriver' executable needs to be in PATH. 
</status>
</test>
<test id="s1-s2-t5" name="Empty Password">
<status status="FAIL" starttime="20190814 21:37:03.493" endtime="20190814 21:37:03.494" critical="yes">Parent suite setup failed:
WebDriverException: Message: 'geckodriver' executable needs to be in PATH. 
</status>
</test>
<test id="s1-s2-t6" name="Empty Username And Password">
<status status="FAIL" starttime="20190814 21:37:03.496" endtime="20190814 21:37:03.497" critical="yes">Parent suite setup failed:
WebDriverException: Message: 'geckodriver' executable needs to be in PATH. 
</status>
</test>
<kw name="Close Browser" library="SeleniumLibrary" type="teardown">
<doc>Closes the current browser.</doc>
<status status="PASS" starttime="20190814 21:37:03.501" endtime="20190814 21:37:03.501"></status>
</kw>
<doc>A test suite containing tests related to invalid login.

These tests are data-driven by their nature. They use a single
keyword, specified with Test Template setting, that is called
with different arguments to cover different scenarios.

This suite also demonstrates using setups and teardowns in
different levels.</doc>
<status status="FAIL" starttime="20190814 21:37:03.464" endtime="20190814 21:37:03.501">Suite setup failed:
WebDriverException: Message: 'geckodriver' executable needs to be in PATH. 
</status>
</suite>
<suite id="s1-s3" name="Valid Login" source="C:\Users\Gamma Test\PycharmProjects\WebDemo\login_tests\valid_login.robot">
<test id="s1-s3-t1" name="Valid Login">
<kw name="Open Browser To Login Page" library="resource">
<kw name="Open Browser" library="SeleniumLibrary">
<doc>Opens a new browser instance to the given ``url``.</doc>
<arguments>
<arg>${LOGIN URL}</arg>
<arg>${BROWSER}</arg>
</arguments>
<msg timestamp="20190814 21:37:03.512" level="INFO">Opening browser 'Firefox' to base url 'http://localhost:7272/'.</msg>
<kw name="Capture Page Screenshot" library="SeleniumLibrary">
<doc>Takes screenshot of the current page and embeds it into log file.</doc>
<msg timestamp="20190814 21:37:03.519" level="INFO">Cannot capture screenshot because no browser is open.</msg>
<status status="PASS" starttime="20190814 21:37:03.519" endtime="20190814 21:37:03.519"></status>
</kw>
<msg timestamp="20190814 21:37:03.521" level="FAIL">WebDriverException: Message: 'geckodriver' executable needs to be in PATH. 
</msg>
<status status="FAIL" starttime="20190814 21:37:03.512" endtime="20190814 21:37:03.521"></status>
</kw>
<status status="FAIL" starttime="20190814 21:37:03.512" endtime="20190814 21:37:03.521"></status>
</kw>
<kw name="Close Browser" library="SeleniumLibrary" type="teardown">
<doc>Closes the current browser.</doc>
<status status="PASS" starttime="20190814 21:37:03.522" endtime="20190814 21:37:03.522"></status>
</kw>
<status status="FAIL" starttime="20190814 21:37:03.511" endtime="20190814 21:37:03.522" critical="yes">WebDriverException: Message: 'geckodriver' executable needs to be in PATH. 
</status>
</test>
<doc>A test suite with a single test for valid login.

This test has a workflow that is created using keywords in
the imported resource file.</doc>
<status status="FAIL" starttime="20190814 21:37:03.505" endtime="20190814 21:37:03.524"></status>
</suite>
<status status="FAIL" starttime="20190814 21:37:03.198" endtime="20190814 21:37:03.527"></status>
</suite>
<statistics>
<total>
<stat pass="0" fail="8">Critical Tests</stat>
<stat pass="0" fail="8">All Tests</stat>
</total>
<tag>
</tag>
<suite>
<stat pass="0" fail="8" id="s1" name="Login Tests">Login Tests</stat>
<stat pass="0" fail="1" id="s1-s1" name="Gherkin Login">Login Tests.Gherkin Login</stat>
<stat pass="0" fail="6" id="s1-s2" name="Invalid Login">Login Tests.Invalid Login</stat>
<stat pass="0" fail="1" id="s1-s3" name="Valid Login">Login Tests.Valid Login</stat>
</suite>
</statistics>
<errors>
</errors>
</robot>
